app/build/intermediates/manifest_merge_blame_file/debug/manifest-merger-blame-debug-report.txt
1<?xml version="1.0" encoding="utf-8"?>
2<manifest xmlns:android="http://schemas.android.com/apk/res/android"
3    package="com.karson.android.dutydaycalculator"
4    android:versionCode="7"
5    android:versionName="1.5" >
6
7    <uses-sdk
8        android:minSdkVersion="28"
8-->src\main\AndroidManifest.xml
9        android:targetSdkVersion="29" />
9-->src\main\AndroidManifest.xml
10
11    <uses-permission-sdk-23 android:name="android.permission.READ_EXTERNAL_STORAGE" />
11-->src\main\AndroidManifest.xml:8:5-86
11-->src\main\AndroidManifest.xml:8:29-84
12    <uses-permission-sdk-23 android:name="android.permission.WRITE_EXTERNAL_STORAGE" />
12-->src\main\AndroidManifest.xml:9:5-87
12-->src\main\AndroidManifest.xml:9:29-85
13
14    <application
14-->src\main\AndroidManifest.xml:11:5-32:19
15        android:appComponentFactory="androidx.core.app.CoreComponentFactory"
15-->[androidx.core:core:1.1.0] AndroidManifest.xml:24:18-86
16        android:debuggable="true"
17        android:icon="@mipmap/ic_launcher"
17-->src\main\AndroidManifest.xml:13:9-43
18        android:label="@string/app_name"
18-->src\main\AndroidManifest.xml:15:9-41
19        android:roundIcon="@mipmap/ic_launcher_round"
19-->src\main\AndroidManifest.xml:14:9-54
20        android:testOnly="true" >
21        <activity
21-->src\main\AndroidManifest.xml:17:9-25:20
22            android:name="com.karson.android.dutydaycalculator.OutputActivity"
22-->src\main\AndroidManifest.xml:18:13-42
23            android:label="@string/app_name"
23-->src\main\AndroidManifest.xml:18:43-75
24            android:theme="@android:style/ThemeOverlay.Material.Dark" >
24-->src\main\AndroidManifest.xml:19:13-70
25            <intent-filter>
25-->src\main\AndroidManifest.xml:21:13-24:29
26                <action android:name="android.intent.action.MAIN" />
26-->src\main\AndroidManifest.xml:22:17-69
26-->src\main\AndroidManifest.xml:22:25-66
27
28                <category android:name="android.intent.category.LAUNCHER" />
28-->src\main\AndroidManifest.xml:23:17-77
28-->src\main\AndroidManifest.xml:23:27-74
29            </intent-filter>
30        </activity>
31        <activity
31-->src\main\AndroidManifest.xml:26:9-27:82
32            android:name="com.karson.android.dutydaycalculator.EditorListActivity"
32-->src\main\AndroidManifest.xml:26:54-87
33            android:label="@string/edit_label"
33-->src\main\AndroidManifest.xml:26:19-53
34            android:theme="@android:style/ThemeOverlay.Material.Dark" />
34-->src\main\AndroidManifest.xml:27:13-70
35        <activity
35-->src\main\AndroidManifest.xml:28:9-29:82
36            android:name="com.karson.android.dutydaycalculator.ProfileEditorActivity"
36-->src\main\AndroidManifest.xml:28:54-90
37            android:label="@string/edit_label"
37-->src\main\AndroidManifest.xml:28:19-53
38            android:theme="@android:style/ThemeOverlay.Material.Dark" />
38-->src\main\AndroidManifest.xml:29:13-70
39        <activity
39-->src\main\AndroidManifest.xml:30:9-31:77
40            android:name="com.karson.android.dutydaycalculator.CalculatorActivity"
40-->src\main\AndroidManifest.xml:30:62-95
41            android:icon="@drawable/calc_icon_dark"
41-->src\main\AndroidManifest.xml:30:96-135
42            android:label="Time Difference Calculator"
42-->src\main\AndroidManifest.xml:30:19-61
43            android:theme="@android:style/Theme.Material.Dialog" />
43-->src\main\AndroidManifest.xml:31:13-65
44    </application>
45
46</manifest>